WES mode: restricting to /media/mrueda/2TBS/Databases/GATK_bundle/b37/b37_Broad.human.exome.b37.interval_list
>>> STEP 1: Align & add read groups
Aligning CNAG99901P_ex_S2_L001_R1_001 -> CNAG99901P_ex_S2_L001.rg.bam
[M::bwa_idx_load_from_disk] read 0 ALT contigs
[M::process] read 100000 sequences (15000000 bp)...
[M::mem_pestat] # candidate unique pairs for (FF, FR, RF, RR): (0, 44277, 0, 0)
[M::mem_pestat] skip orientation FF as there are not enough pairs
[M::mem_pestat] analyzing insert size distribution for orientation FR...
[M::mem_pestat] (25, 50, 75) percentile: (465, 499, 533)
[M::mem_pestat] low and high boundaries for computing mean and std.dev: (329, 669)
[M::mem_pestat] mean and std.dev: (498.98, 50.05)
[M::mem_pestat] low and high boundaries for proper pairs: (261, 737)
[M::mem_pestat] skip orientation RF as there are not enough pairs
[M::mem_pestat] skip orientation RR as there are not enough pairs
[M::mem_process_seqs] Processed 100000 reads in 44.821 CPU sec, 11.215 real sec
[main] Version: 0.7.18-r1243-dirty
[main] CMD: /media/mrueda/2TBS/NGSutils/bwa-0.7.18_arm64/bwa mem -M -t 4 /media/mrueda/2TBS/Databases/GATK_bundle/b37/references_b37_Homo_sapiens_assembly19.fasta.gz ../CNAG99901P_ex_S2_L001_R1_001.fastq.gz ../CNAG99901P_ex_S2_L001_R2_001.fastq.gz
[main] Real time: 17.434 sec; CPU: 47.569 sec
Tool returned:
0
>>> STEP 2: Merge lane-level BAMs
Tool returned:
0
>>> STEP 3: Mark duplicates
Tool returned:
0
>>> STEP 4: Base recalibration
Tool returned:
SUCCESS
>>> STEP 5: HaplotypeCaller -> gVCF
>>> STEP 6: GenotypeGVCFs -> raw VCF
>>> STEP 7: Optional VQSR if enough variants
>>> STEP 8: Apply VQSR or fallback
>>> STEP 9: Hard-filter & write QC.vcf
>>> STEP 10: Coverage & Sex Determination
>>> STEP 11: Cleanup BAMs
All done! QC VCF: /media/mrueda/2TBS/CNAG/Project_CBI_Call/cbicall/examples/input/CNAG999_exome/CNAG99901P_ex/cbicall_bash_wes_single_gatk-4.6_175801291279888/02_varcall/CNAG99901P.hc.QC.vcf.gz
